<?xml version="1.0" encoding="UTF-8"?>
<!-- Generated by org.testng.reporters.JUnitXMLReporter -->
<testsuite ignored="7" hostname="Ashok" failures="2" tests="2" name="Test10" time="81.1" errors="0" timestamp="2023-08-16T15:25:52 IST">
  <testcase classname="com.jivi.auto.employeetest.LashingPlanner" name="VerifyCreateLashingPlanningConeMan" time="72.623">
    <failure type="org.openqa.selenium.StaleElementReferenceException" message="stale element reference: stale element not found
  (Session info: chrome=115.0.5790.171)
For documentation on this error, please visit: https://selenium.dev/exceptions/#stale_element_reference
Build info: version: &amp;apos;4.1.2&amp;apos;, revision: &amp;apos;9a5a329c5a&amp;apos;
System info: host: &amp;apos;ASHOK&amp;apos;, ip: &amp;apos;192.168.0.107&amp;apos;, os.name: &amp;apos;Windows 11&amp;apos;, os.arch: &amp;apos;amd64&amp;apos;, os.version: &amp;apos;10.0&amp;apos;, java.version: &amp;apos;17.0.5&amp;apos;
Driver info: org.openqa.selenium.chrome.ChromeDriver
Command: [1b5a67c7be83c989f22ff447e9f42e7d, getElementText {id=18D8A9552EDA715D144995418B3798E1_element_123}]
Capabilities {acceptInsecureCerts: false, browserName: chrome, browserVersion: 115.0.5790.171, chrome: {chromedriverVersion: 114.0.5735.90 (386bc09e8f4f..., userDataDir: C:\Users\ashok\AppData\Loca...}, goog:chromeOptions: {debuggerAddress: localhost:64678}, javascriptEnabled: true, networkConnectionEnabled: false, pageLoadStrategy: normal, platform: WINDOWS, platformName: WINDOWS, proxy: Proxy(), se:cdp: ws://localhost:64678/devtoo..., se:cdpVersion: 115.0.5790.171, setWindowRect: true, strictFileInteractability: false, timeouts: {implicit: 0, pageLoad: 300000, script: 30000}, unhandledPromptBehavior: dismiss and notify, webauthn:extension:credBlob: true, webauthn:extension:largeBlob: true, webauthn:extension:minPinLength: true, webauthn:extension:prf: true, webauthn:virtualAuthenticators: true}
Element: [[[[ChromeDriver: chrome on WINDOWS (1b5a67c7be83c989f22ff447e9f42e7d)] -&amp;gt; xpath: //select[@id=&amp;apos;bootstrap-duallistbox-nonselected-list_&amp;apos;]]] -&amp;gt; xpath: //select[@id=&amp;apos;bootstrap-duallistbox-nonselected-list_&amp;apos;]/option]
Session ID: 1b5a67c7be83c989f22ff447e9f42e7d">
      <![CDATA[org.openqa.selenium.StaleElementReferenceException: stale element reference: stale element not found
  (Session info: chrome=115.0.5790.171)
For documentation on this error, please visit: https://selenium.dev/exceptions/#stale_element_reference
Build info: version: '4.1.2', revision: '9a5a329c5a'
System info: host: 'ASHOK', ip: '192.168.0.107', os.name: 'Windows 11', os.arch: 'amd64', os.version: '10.0', java.version: '17.0.5'
Driver info: org.openqa.selenium.chrome.ChromeDriver
Command: [1b5a67c7be83c989f22ff447e9f42e7d, getElementText {id=18D8A9552EDA715D144995418B3798E1_element_123}]
Capabilities {acceptInsecureCerts: false, browserName: chrome, browserVersion: 115.0.5790.171, chrome: {chromedriverVersion: 114.0.5735.90 (386bc09e8f4f..., userDataDir: C:\Users\ashok\AppData\Loca...}, goog:chromeOptions: {debuggerAddress: localhost:64678}, javascriptEnabled: true, networkConnectionEnabled: false, pageLoadStrategy: normal, platform: WINDOWS, platformName: WINDOWS, proxy: Proxy(), se:cdp: ws://localhost:64678/devtoo..., se:cdpVersion: 115.0.5790.171, setWindowRect: true, strictFileInteractability: false, timeouts: {implicit: 0, pageLoad: 300000, script: 30000}, unhandledPromptBehavior: dismiss and notify, webauthn:extension:credBlob: true, webauthn:extension:largeBlob: true, webauthn:extension:minPinLength: true, webauthn:extension:prf: true, webauthn:virtualAuthenticators: true}
Element: [[[[ChromeDriver: chrome on WINDOWS (1b5a67c7be83c989f22ff447e9f42e7d)] -> xpath: //select[@id='bootstrap-duallistbox-nonselected-list_']]] -> xpath: //select[@id='bootstrap-duallistbox-nonselected-list_']/option]
Session ID: 1b5a67c7be83c989f22ff447e9f42e7d
at org.openqa.selenium.remote.codec.w3c.W3CHttpResponseCodec.createException(W3CHttpResponseCodec.java:200)
at org.openqa.selenium.remote.codec.w3c.W3CHttpResponseCodec.decode(W3CHttpResponseCodec.java:133)
at org.openqa.selenium.remote.codec.w3c.W3CHttpResponseCodec.decode(W3CHttpResponseCodec.java:53)
at org.openqa.selenium.remote.HttpCommandExecutor.execute(HttpCommandExecutor.java:184)
at org.openqa.selenium.remote.service.DriverCommandExecutor.invokeExecute(DriverCommandExecutor.java:167)
at org.openqa.selenium.remote.service.DriverCommandExecutor.execute(DriverCommandExecutor.java:142)
at org.openqa.selenium.remote.RemoteWebDriver.execute(RemoteWebDriver.java:558)
at org.openqa.selenium.remote.RemoteWebElement.execute(RemoteWebElement.java:251)
at org.openqa.selenium.remote.RemoteWebElement.getText(RemoteWebElement.java:201)
at com.jivi.auto.employeepages.LashingDeployment.createLasherPlanning(LashingDeployment.java:756)
at com.jivi.auto.employeetest.LashingPlanner.VerifyCreateLashingPlanningConeMan(LashingPlanner.java:72)
at java.base/java.util.ArrayList.forEach(ArrayList.java:1511)
at com.jivi.auto.driver.JiviewsMainClass.main(JiviewsMainClass.java:27)
... Removed 29 stack frames]]>
    </failure>
  </testcase> <!-- VerifyCreateLashingPlanningConeMan -->
  <testcase classname="com.jivi.auto.employeetest.LashingPlanner" name="VerifyRTGPlanningFinalBookingAddshift" time="2.176">
    <failure type="java.lang.Exception" message="Test Data Not Found in JSON: java.lang.NullPointerException: Cannot invoke &amp;quot;com.google.gson.JsonObject.get(String)&amp;quot; because the return value of &amp;quot;com.google.gson.JsonObject.getAsJsonObject(String)&amp;quot; is null">
      <![CDATA[java.lang.Exception: Test Data Not Found in JSON: java.lang.NullPointerException: Cannot invoke "com.google.gson.JsonObject.get(String)" because the return value of "com.google.gson.JsonObject.getAsJsonObject(String)" is null
at com.jivi.auto.utilities.JSONReader.get(JSONReader.java:44)
at com.jivi.auto.employeetest.LashingPlanner.VerifyRTGPlanningFinalBookingAddshift(LashingPlanner.java:233)
at java.base/java.util.ArrayList.forEach(ArrayList.java:1511)
at com.jivi.auto.driver.JiviewsMainClass.main(JiviewsMainClass.java:27)
... Removed 24 stack frames]]>
    </failure>
  </testcase> <!-- VerifyRTGPlanningFinalBookingAddshift -->
  <testcase classname="com.jivi.auto.employeetest.LashingPlanner" name="VerifyStackersPlanningFinalBookingStandByEmployee" time="0.0">
    <ignored/>
  </testcase> <!-- VerifyStackersPlanningFinalBookingStandByEmployee -->
  <testcase classname="com.jivi.auto.employeetest.LashingPlanner" name="VerifyDateRangeDeployment" time="0.0">
    <ignored/>
  </testcase> <!-- VerifyDateRangeDeployment -->
  <testcase classname="com.jivi.auto.employeetest.LashingPlanner" name="VerifyCreateStackersPlanningwithSingOff" time="0.0">
    <ignored/>
  </testcase> <!-- VerifyCreateStackersPlanningwithSingOff -->
  <testcase classname="com.jivi.auto.employeetest.LashingPlanner" name="VerifyBroadcast" time="0.0">
    <ignored/>
  </testcase> <!-- VerifyBroadcast -->
  <testcase classname="com.jivi.auto.employeetest.LashingPlanner" name="VerifyRevokeSignOff" time="0.0">
    <ignored/>
  </testcase> <!-- VerifyRevokeSignOff -->
  <testcase classname="com.jivi.auto.employeetest.LashingPlanner" name="VerifyDeployment" time="0.0">
    <ignored/>
  </testcase> <!-- VerifyDeployment -->
  <testcase classname="com.jivi.auto.employeetest.LashingPlanner" name="VerifyStackersPlanningFinalBookingReport" time="0.0">
    <ignored/>
  </testcase> <!-- VerifyStackersPlanningFinalBookingReport -->
</testsuite> <!-- Test10 -->
